<?xml version="1.0" encoding="UTF-8"?>
<!-- Generated by org.testng.reporters.JUnitReportReporter -->
<testsuite hostname="DESKTOP-MCMAE2L" failures="0" tests="1" name="TestAutomation.urbintExample.base" time="0.007" errors="0" timestamp="2021-05-04T22:43:58 EDT" skipped="0">
  <testcase classname="TestAutomation.urbintExample.base" name="intilaizeBrowser" time="0.007"/>
  <system-out/>
</testsuite> <!-- TestAutomation.urbintExample.base -->
