<?xml version="1.0" encoding="UTF-8"?>
<!-- Generated by org.testng.reporters.JUnitReportReporter -->
<testsuite hostname="DESKTOP-MCMAE2L" failures="0" tests="1" name="TestAutomation.urbintExample.baseTestClass" time="7.937" errors="0" timestamp="2021-05-04T23:09:21 EDT" skipped="0">
  <testcase classname="TestAutomation.urbintExample.baseTestClass" name="sample" time="7.937"/>
  <system-out/>
</testsuite> <!-- TestAutomation.urbintExample.baseTestClass -->
