<?xml version="1.0" encoding="UTF-8"?>
<!-- Generated by org.testng.reporters.JUnitReportReporter -->
<testsuite hostname="DESKTOP-MCMAE2L" failures="0" tests="1" name="com.MyTests.baseTestClass" time="5.030" errors="0" timestamp="2021-05-05T02:16:26 EDT" skipped="0">
  <testcase classname="com.MyTests.baseTestClass" name="sample" time="5.030"/>
  <system-out/>
</testsuite> <!-- com.MyTests.baseTestClass -->
